11:55:19 [main] INFO  Exercice1_Connexion_Test (Exercice1_Connexion_Test.java:29)- Initialisation des champs de connexion
11:55:19 [main] INFO  Exercice1_Connexion_Test (Exercice1_Connexion_Test.java:30)- Saisie de l'identifiant et du mot de passe
11:55:55 [main] INFO  Exercice1_Connexion_Test (Exercice1_Connexion_Test.java:29)- Initialisation des champs de connexion
11:55:55 [main] INFO  Exercice1_Connexion_Test (Exercice1_Connexion_Test.java:30)- Saisie de l'identifiant et du mot de passe
12:02:27 [main] INFO  Exercice1_Connexion_Test (Exercice1_Connexion_Test.java:29)- Initialisation des champs de connexion
12:02:27 [main] INFO  Exercice1_Connexion_Test (Exercice1_Connexion_Test.java:30)- Saisie de l'identifiant et du mot de passe
12:02:40 [main] INFO  Exercice1_Connexion_Test (Exercice1_Connexion_Test.java:29)- Initialisation des champs de connexion
12:02:40 [main] INFO  Exercice1_Connexion_Test (Exercice1_Connexion_Test.java:30)- Saisie de l'identifiant et du mot de passe
12:02:55 [main] INFO  Exercice1_Connexion_Test (Exercice1_Connexion_Test.java:29)- Initialisation des champs de connexion
12:02:55 [main] INFO  Exercice1_Connexion_Test (Exercice1_Connexion_Test.java:30)- Saisie de l'identifiant et du mot de passe
12:03:46 [main] INFO  Exercice1_Connexion_Test (Exercice1_Connexion_Test.java:29)- Initialisation des champs de connexion
12:03:46 [main] INFO  Exercice1_Connexion_Test (Exercice1_Connexion_Test.java:30)- Saisie de l'identifiant et du mot de passe
12:04:31 [main] INFO  Exercice1_Connexion_Test (Exercice1_Connexion_Test.java:29)- Initialisation des champs de connexion
12:04:31 [main] INFO  Exercice1_Connexion_Test (Exercice1_Connexion_Test.java:30)- Saisie de l'identifiant et du mot de passe
12:04:44 [main] INFO  Exercice1_Connexion_Test (Exercice1_Connexion_Test.java:29)- Initialisation des champs de connexion
12:04:44 [main] INFO  Exercice1_Connexion_Test (Exercice1_Connexion_Test.java:30)- Saisie de l'identifiant et du mot de passe
12:05:41 [main] INFO  Exercice1_Connexion_Test (Exercice1_Connexion_Test.java:29)- Initialisation des champs de connexion
12:05:41 [main] INFO  Exercice1_Connexion_Test (Exercice1_Connexion_Test.java:30)- Saisie de l'identifiant et du mot de passe
12:05:52 [main] INFO  Exercice1_Connexion_Test (Exercice1_Connexion_Test.java:29)- Initialisation des champs de connexion
12:05:52 [main] INFO  Exercice1_Connexion_Test (Exercice1_Connexion_Test.java:30)- Saisie de l'identifiant et du mot de passe
12:09:00 [main] INFO  Exercice1_Connexion_Test (Exercice1_Connexion_Test.java:29)- Initialisation des champs de connexion
12:09:00 [main] INFO  Exercice1_Connexion_Test (Exercice1_Connexion_Test.java:30)- Saisie de l'identifiant et du mot de passe
12:09:26 [main] INFO  Exercice1_Connexion_Test (Exercice1_Connexion_Test.java:29)- Initialisation des champs de connexion
12:09:26 [main] INFO  Exercice1_Connexion_Test (Exercice1_Connexion_Test.java:30)- Saisie de l'identifiant et du mot de passe
12:11:46 [main] INFO  Exercice1_Connexion_Test (Exercice1_Connexion_Test.java:29)- Initialisation des champs de connexion
12:11:46 [main] INFO  Exercice1_Connexion_Test (Exercice1_Connexion_Test.java:30)- Saisie de l'identifiant et du mot de passe
12:11:57 [main] INFO  Exercice1_Connexion_Test (Exercice1_Connexion_Test.java:29)- Initialisation des champs de connexion
12:11:57 [main] INFO  Exercice1_Connexion_Test (Exercice1_Connexion_Test.java:30)- Saisie de l'identifiant et du mot de passe
12:13:04 [main] INFO  Exercice1_Connexion_Test (Exercice1_Connexion_Test.java:29)- Initialisation des champs de connexion
12:13:04 [main] INFO  Exercice1_Connexion_Test (Exercice1_Connexion_Test.java:30)- Saisie de l'identifiant et du mot de passe
14:25:47 [main] INFO  Exercice1_Connexion_Test (Exercice1_Connexion_Test.java:29)- Initialisation des champs de connexion
14:25:47 [main] INFO  Exercice1_Connexion_Test (Exercice1_Connexion_Test.java:30)- Saisie de l'identifiant et du mot de passe
14:56:02 [main] INFO  Exercice1_Connexion_Test (Exercice1_Connexion_Test.java:29)- Initialisation des champs de connexion
14:56:02 [main] INFO  Exercice1_Connexion_Test (Exercice1_Connexion_Test.java:30)- Saisie de l'identifiant et du mot de passe
15:11:48 [main] INFO  Exercice1_Connexion_Test (Exercice1_Connexion_Test.java:29)- Initialisation des champs de connexion
15:11:48 [main] INFO  Exercice1_Connexion_Test (Exercice1_Connexion_Test.java:30)- Saisie de l'identifiant et du mot de passe
15:15:27 [main] INFO  Exercice1_Connexion_Test (Exercice1_Connexion_Test.java:29)- Initialisation des champs de connexion
15:15:27 [main] INFO  Exercice1_Connexion_Test (Exercice1_Connexion_Test.java:30)- Saisie de l'identifiant et du mot de passe
15:26:58 [main] INFO  Exercice1_Connexion_Test (Exercice1_Connexion_Test.java:29)- Initialisation des champs de connexion
15:26:58 [main] INFO  Exercice1_Connexion_Test (Exercice1_Connexion_Test.java:30)- Saisie de l'identifiant et du mot de passe
15:29:46 [main] INFO  Exercice1_Connexion_Test (Exercice1_Connexion_Test.java:29)- Initialisation des champs de connexion
15:29:46 [main] INFO  Exercice1_Connexion_Test (Exercice1_Connexion_Test.java:30)- Saisie de l'identifiant et du mot de passe
15:32:04 [main] INFO  Exercice1_Connexion_Test (Exercice1_Connexion_Test.java:29)- Initialisation des champs de connexion
15:32:04 [main] INFO  Exercice1_Connexion_Test (Exercice1_Connexion_Test.java:30)- Saisie de l'identifiant et du mot de passe
15:38:32 [main] INFO  Exercice1_Connexion_Test (Exercice1_Connexion_Test.java:30)- Initialisation des champs de connexion
15:38:32 [main] INFO  Exercice1_Connexion_Test (Exercice1_Connexion_Test.java:31)- Saisie de l'identifiant et du mot de passe
16:07:00 [main] INFO  Exercice1_Connexion_Test (Exercice1_Connexion_Test.java:30)- Initialisation des champs de connexion
16:07:00 [main] INFO  Exercice1_Connexion_Test (Exercice1_Connexion_Test.java:31)- Saisie de l'identifiant et du mot de passe
16:07:01 [main] INFO  Exercice1_Connexion_Test (Exercice1_Connexion_Test.java:43)- Validation de la connexion
16:07:03 [main] INFO  Exercice1_Connexion_Test (Exercice1_Connexion_Test.java:67)- Validation de la connexion échouée
16:07:04 [main] INFO  Exercice3 (Exercice3.java:35)- Validation de la connexion
16:07:04 [main] INFO  Exercice3 (Exercice3.java:49)- Validation de la prise de l'article
16:07:04 [main] INFO  Exercice3 (Exercice3.java:61)- Validation du formulaire de commande
16:07:04 [main] INFO  Exercice3 (Exercice3.java:68)- Validation de la commande
16:07:05 [main] INFO  Exercice3 (Exercice3.java:77)- Validation de la déconnexion
16:10:37 [main] INFO  Exercice1_Connexion_Test (Exercice1_Connexion_Test.java:30)- Initialisation des champs de connexion
16:10:37 [main] INFO  Exercice1_Connexion_Test (Exercice1_Connexion_Test.java:31)- Saisie de l'identifiant et du mot de passe
16:10:41 [main] INFO  Exercice3 (Exercice3.java:35)- Validation de la connexion
16:10:41 [main] INFO  Exercice3 (Exercice3.java:49)- Validation de la prise de l'article
16:10:41 [main] INFO  Exercice3 (Exercice3.java:61)- Validation du formulaire de commande
16:10:41 [main] INFO  Exercice3 (Exercice3.java:68)- Validation de la commande
16:10:42 [main] INFO  Exercice3 (Exercice3.java:77)- Validation de la déconnexion
16:16:49 [main] INFO  Exercice1_Connexion_Test (Exercice1_Connexion_Test.java:30)- Initialisation des champs de connexion
16:16:49 [main] INFO  Exercice1_Connexion_Test (Exercice1_Connexion_Test.java:31)- Saisie de l'identifiant et du mot de passe
16:16:59 [main] INFO  Exercice3 (Exercice3.java:35)- Validation de la connexion
16:16:59 [main] INFO  Exercice3 (Exercice3.java:49)- Validation de la prise de l'article
16:16:59 [main] INFO  Exercice3 (Exercice3.java:61)- Validation du formulaire de commande
16:16:59 [main] INFO  Exercice3 (Exercice3.java:68)- Validation de la commande
16:17:00 [main] INFO  Exercice3 (Exercice3.java:77)- Validation de la déconnexion
16:19:37 [main] INFO  Exercice1_Connexion_Test (Exercice1_Connexion_Test.java:30)- Initialisation des champs de connexion
16:19:37 [main] INFO  Exercice1_Connexion_Test (Exercice1_Connexion_Test.java:31)- Saisie de l'identifiant et du mot de passe
16:19:41 [main] INFO  Exercice3 (Exercice3.java:35)- Validation de la connexion
16:19:41 [main] INFO  Exercice3 (Exercice3.java:49)- Validation de la prise de l'article
16:19:42 [main] INFO  Exercice3 (Exercice3.java:61)- Validation du formulaire de commande
16:19:42 [main] INFO  Exercice3 (Exercice3.java:68)- Validation de la commande
16:19:42 [main] INFO  Exercice3 (Exercice3.java:77)- Validation de la déconnexion
16:29:25 [main] INFO  Exercice3 (Exercice3.java:35)- Validation de la connexion
16:35:27 [main] INFO  Exercice3 (Exercice3.java:35)- Validation de la connexion
16:38:33 [main] INFO  Exercice3 (Exercice3.java:35)- Validation de la connexion
16:39:49 [main] INFO  Exercice3 (Exercice3.java:35)- Validation de la connexion
16:41:20 [main] INFO  Exercice3 (Exercice3.java:35)- Validation de la connexion
